========== aiDev CI/CD環境セットアップログ ==========
開始時刻: Sat Apr 19 18:38:30 JST 2025
========== aiDev CI/CD環境セットアップ ==========
環境: dev
リージョン: ap-northeast-1
スタック名: aidev-cicd-resources
テンプレートディレクトリ: /mnt/c/dev2/aiDev/src/infra-init
GitHub所有者: k-tanaka-522
GitHubリポジトリ: aidev
GitHubブランチ: main
==============================================
上記の設定で続行しますか？ (y/n): 
新しいスタック 'aidev-cicd-resources' を作成します...
テンプレート用バケット 'aidev-cfn-templates-ap-northeast-1-dev' が確認されました
テンプレートをS3にアップロードしています...
Completed 8.7 KiB/8.7 KiB (72.3 KiB/s) with 1 file(s) remainingupload: ./ci-cd-resources.yml to s3://aidev-cfn-templates-ap-northeast-1-dev/ci-cd-resources.yml
Completed 3.9 KiB/3.9 KiB (29.2 KiB/s) with 1 file(s) remainingupload: ./codebuild-projects.yml to s3://aidev-cfn-templates-ap-northeast-1-dev/codebuild-projects.yml
Completed 5.9 KiB/5.9 KiB (31.7 KiB/s) with 1 file(s) remainingupload: ./codepipeline.yml to s3://aidev-cfn-templates-ap-northeast-1-dev/codepipeline.yml
基本CI/CDリソースをデプロイしています...
{
    "StackId": "arn:aws:cloudformation:ap-northeast-1:897167645238:stack/aidev-cicd-resources/12739470-1d02-11f0-b176-0efcf688dfa7"
}
CloudFormationスタックのデプロイを待機中...
スタックの出力を取得中...
./deploy-cicd.sh: line 175: jq: command not found
