========== aiDev CI/CD環境セットアップログ ==========
開始時刻: Sat Apr 19 16:56:40 JST 2025
========== aiDev CI/CD環境セットアップ ==========
環境: dev
リージョン: ap-northeast-1
スタック名: aidev-cicd-resources
テンプレートディレクトリ: /mnt/c/dev2/aiDev/src/infra-init
==============================================
上記の設定で続行しますか？ (y/n): 
新しいスタック 'aidev-cicd-resources' を作成します...
テンプレート用バケット 'aidev-cfn-templates-ap-northeast-1-dev' を作成します...
make_bucket: aidev-cfn-templates-ap-northeast-1-dev
テンプレートをS3にアップロードしています...
Completed 5.1 KiB/5.1 KiB (37.8 KiB/s) with 1 file(s) remainingupload: ./ci-cd-resources.yml to s3://aidev-cfn-templates-ap-northeast-1-dev/ci-cd-resources.yml
Completed 4.3 KiB/4.3 KiB (33.4 KiB/s) with 1 file(s) remainingupload: ./codebuild-projects.yml to s3://aidev-cfn-templates-ap-northeast-1-dev/codebuild-projects.yml
Completed 6.3 KiB/6.3 KiB (47.4 KiB/s) with 1 file(s) remainingupload: ./codepipeline.yml to s3://aidev-cfn-templates-ap-northeast-1-dev/codepipeline.yml
基本CI/CDリソースをデプロイしています...
{
    "StackId": "arn:aws:cloudformation:ap-northeast-1:897167645238:stack/aidev-cicd-resources/da8eaee0-1cf3-11f0-8f11-0acc604e21d7"
}
CloudFormationスタックのデプロイを待機中...

Waiter StackCreateComplete failed: Waiter encountered a terminal failure state: For expression "Stacks[].StackStatus" we matched expected path: "ROLLBACK_COMPLETE" at least once
