========== aiDev CI/CD環境セットアップログ ==========
開始時刻: Sat Apr 19 20:18:08 JST 2025
========== aiDev CI/CD環境セットアップ ==========
環境: dev
リージョン: ap-northeast-1
スタック名: aidev-cicd-resources
テンプレートディレクトリ: /mnt/c/dev2/aiDev/src/infra-init
GitHub所有者: k-tanaka-522
GitHubリポジトリ: aidev
GitHubブランチ: main
==============================================
上記の設定で続行しますか？ (y/n): 
{
    "Stacks": [
        {
            "StackId": "arn:aws:cloudformation:ap-northeast-1:897167645238:stack/aidev-cicd-resources/e77c0e20-1d0e-11f0-b364-0ac503bcc4ab",
            "StackName": "aidev-cicd-resources",
            "Description": "aiDev CI/CD Resources",
            "Parameters": [
                {
                    "ParameterKey": "EnvironmentName",
                    "ParameterValue": "dev"
                },
                {
                    "ParameterKey": "GitHubOwner",
                    "ParameterValue": "k-tanaka-522"
                },
                {
                    "ParameterKey": "GitHubRepo",
                    "ParameterValue": "aidev"
                }
            ],
            "CreationTime": "2025-04-19T11:10:30.049000+00:00",
            "RollbackConfiguration": {},
            "StackStatus": "CREATE_COMPLETE",
            "DisableRollback": false,
            "NotificationARNs": [],
            "Capabilities": [
                "CAPABILITY_IAM",
                "CAPABILITY_NAMED_IAM"
            ],
            "Outputs": [
                {
                    "OutputKey": "GitHubConnectionArn",
                    "OutputValue": "arn:aws:codestar-connections:ap-northeast-1:897167645238:connection/81b84f19-9b3e-4ee4-bd35-57418d27ce41",
                    "Description": "ARN of the GitHub CodeStar connection"
                },
                {
                    "OutputKey": "GitHubConnectionStatus",
                    "OutputValue": "PENDING",
                    "Description": "Status of the GitHub connection (needs to be manually completed in AWS Console)"
                },
                {
                    "OutputKey": "ArtifactBucketName",
                    "OutputValue": "aidev-artifacts-897167645238-dev",
                    "Description": "Name of the S3 bucket for build artifacts"
                },
                {
                    "OutputKey": "CodeBuildServiceRoleArn",
                    "OutputValue": "arn:aws:iam::897167645238:role/aidev-cicd-resources-CodeBuildServiceRole-KyAoAke8JkHn",
                    "Description": "ARN of the CodeBuild service role"
                },
                {
                    "OutputKey": "CodePipelineServiceRoleArn",
                    "OutputValue": "arn:aws:iam::897167645238:role/aidev-cicd-resources-CodePipelineServiceRole-ep0ARfD3H1Qz",
                    "Description": "ARN of the CodePipeline service role"
                },
                {
                    "OutputKey": "CloudFrontInvalidationLambdaArn",
                    "OutputValue": "arn:aws:lambda:ap-northeast-1:897167645238:function:aiDev-dev-cf-invalidation",
                    "Description": "ARN of the CloudFront invalidation Lambda function"
                }
            ],
            "Tags": [],
            "EnableTerminationProtection": false,
            "DriftInformation": {
                "StackDriftStatus": "NOT_CHECKED"
            }
        }
    ]
}
既存のスタック 'aidev-cicd-resources' を更新します...
{
    "BucketRegion": "ap-northeast-1",
    "AccessPointAlias": false
}
テンプレート用バケット 'aidev-cfn-templates-ap-northeast-1-dev' が確認されました
テンプレートをS3にアップロードしています...
Completed 8.7 KiB/8.7 KiB (35.5 KiB/s) with 1 file(s) remainingupload: ./ci-cd-resources.yml to s3://aidev-cfn-templates-ap-northeast-1-dev/ci-cd-resources.yml
Completed 3.5 KiB/3.5 KiB (14.6 KiB/s) with 1 file(s) remainingupload: ./codebuild-projects.yml to s3://aidev-cfn-templates-ap-northeast-1-dev/codebuild-projects.yml
Completed 5.9 KiB/5.9 KiB (30.3 KiB/s) with 1 file(s) remainingupload: ./codepipeline.yml to s3://aidev-cfn-templates-ap-northeast-1-dev/codepipeline.yml
基本CI/CDリソースをデプロイしています...

An error occurred (ValidationError) when calling the UpdateStack operation: No updates are to be performed.
